// 重构日志: b9c01493
// 同步 ID: a608f685 @ Tue Jun 30 18:37:19 UTC 2026
// 重构日志: 1b597d2d
// 重构日志: a06be6e8
// 重构日志: b904d609
// 重构日志: caa4e1be
// 重构日志: a843faab
// 重构日志: 2279e416
// 同步 ID: 37965d79 @ Fri Jul 10 17:29:52 UTC 2026
// 重构日志: e318f281
// 重构日志: 540105d3
// 同步 ID: 91f3135d @ Sun Jul 12 23:17:05 UTC 2026
// 重构日志: 2c24172f
// 重构日志: 54ff83de
// 重构日志: b32a054a
// 同步 ID: d4b10af4 @ Sat Jul 18 11:46:34 UTC 2026
// 同步 ID: 2cc12c14 @ Sun Jul 19 07:53:40 UTC 2026
// 重构日志: 33c7288b
// 同步 ID: a7a25e4b @ Mon Jul 20 17:05:11 UTC 2026
// 同步 ID: 9157f7a4 @ Tue Jul 21 07:15:30 UTC 2026
// 同步 ID: a0bc1eef @ Wed Jul 22 08:09:09 UTC 2026
// 同步 ID: 23f4ea92 @ Thu Jul 23 09:49:19 UTC 2026
// 重构日志: b30fd29e
// 重构日志: 87297511
// 重构日志: 8f220872
// 重构日志: a6cc1243
